2021-04-18 15:21:07 - Sync for product 1
2021-04-18 15:22:03 - Sync for product 2
2021-04-18 15:22:40 - Sync for product 3
2021-04-18 15:23:15 - Sync for product 2
2021-04-23 18:01:16 - Sync for product 3
2021-04-23 18:01:35 - Sync for product 1
2021-04-23 18:01:54 - Sync for product 4
2021-04-23 18:02:08 - Sync for product 2
2021-04-23 20:33:47 - Sync for product 3
2021-04-23 20:34:00 - Sync for product 1
2021-04-23 20:34:07 - Sync for product 4
2021-04-23 22:53:18 - Sync for product 5
2021-04-23 22:53:31 - Sync for product 5
2021-04-29 16:58:36 - Sync for product 3
2021-04-29 17:01:15 - Sync for product 3
2021-04-29 17:02:35 - Sync for product 3
2021-04-29 17:03:22 - Sync for product 3
2021-04-29 17:04:12 - Sync for product 3
2021-04-29 17:14:17 - Sync for product 4
2021-04-29 18:32:22 - Sync for product 3
2021-04-29 18:36:53 - Sync for product 3
2021-04-29 19:40:36 - Sync for product 1
2021-04-29 19:46:32 - Sync for product 1
2021-04-29 20:26:43 - Sync for product 1
2021-04-29 20:38:58 - Sync for product 1
2021-04-29 20:39:30 - Sync for product 1
2021-04-29 20:41:20 - Sync for product 1
2021-04-29 20:41:42 - Sync for product 1
2021-04-29 20:42:40 - Sync for product 1
2021-04-29 20:43:44 - Sync for product 4
2021-04-29 20:44:34 - Sync for product 4
2021-04-29 20:46:51 - Sync for product 4
2021-04-29 20:54:14 - Sync for product 2
2021-04-29 20:54:51 - Sync for product 2
2021-05-03 20:47:54 - Sync for product 1
2021-05-20 10:40:38 - Sync for product 6
2021-05-20 10:41:02 - Sync for product 7
2021-05-20 10:41:34 - Sync for product 3
2021-05-20 10:42:20 - Sync for product 7
2021-05-20 10:42:27 - Sync for product 1
2021-05-20 10:42:34 - Sync for product 4
2021-05-20 10:42:40 - Sync for product 2
2021-05-20 10:42:47 - Sync for product 5
<<<<<<< Updated upstream
<<<<<<< Updated upstream
2021-06-09 14:38:07 - Update products for availability change - 7,8
=======
=======
>>>>>>> Stashed changes
2021-06-04 15:28:46 - Sync for product 6
2021-06-04 15:29:23 - Sync for product 6
2021-06-04 15:29:50 - Sync for product 6
2021-06-04 15:36:26 - Sync for product 6
2021-06-04 15:51:39 - Update products for availability change - 6
2021-06-07 10:35:34 - Sync for product 4
2021-06-07 10:44:14 - Sync for product 2
2021-06-07 10:45:04 - Sync for product 4
2021-06-07 10:46:22 - Sync for product 2
2021-06-07 10:48:15 - Delete for products - 1
2021-06-07 10:50:45 - Sync for product 3
2021-06-07 10:56:18 - Sync for product 6
2021-06-07 10:58:18 - Sync for product 3
2021-06-07 10:59:00 - Sync for product 3
2021-06-07 11:04:28 - Sync for product 3
2021-06-07 11:05:34 - Sync for product 6
2021-06-07 11:06:09 - Sync for product 6
2021-06-07 11:07:33 - Sync for product 4
2021-06-07 11:07:55 - Sync for product 2
2021-06-07 11:09:47 - Sync for product 7
2021-06-07 11:12:07 - Sync for product 8
2021-06-07 11:12:27 - Sync for product 8
2021-06-07 11:21:55 - Sync for product 9
2021-06-07 11:22:17 - Sync for product 8
2021-06-07 11:22:25 - Sync for product 9
2021-06-07 11:23:35 - Sync for product 10
2021-06-07 11:30:58 - Sync for product 8
2021-06-07 11:31:04 - Sync for product 3
2021-06-07 11:31:09 - Sync for product 6
2021-06-07 11:31:13 - Sync for product 7
2021-06-07 11:31:16 - Sync for product 4
2021-06-07 11:31:21 - Sync for product 2
2021-06-07 11:31:33 - Sync for product 9
2021-06-07 11:31:37 - Sync for product 10
2021-06-07 11:32:38 - Sync for product 10
2021-06-07 11:33:34 - Sync for product 2
2021-06-07 11:33:52 - Sync for product 8
2021-06-07 11:34:11 - Sync for product 7
2021-06-07 11:38:19 - Sync for product 2
2021-06-07 11:40:41 - Sync for product 3
2021-06-07 11:43:34 - Sync for product 3
2021-06-07 11:44:07 - Sync for product 3
2021-06-07 11:44:43 - Sync for product 3
2021-06-07 11:46:48 - Sync for product 4
2021-06-07 11:47:29 - Sync for product 4
2021-06-07 11:49:49 - Sync for product 2
2021-06-07 11:51:26 - Sync for product 6
2021-06-07 11:53:00 - Sync for product 7
2021-06-07 12:20:03 - Sync for product 4
2021-06-07 12:20:12 - Sync for product 2
2021-06-07 12:20:33 - Sync for product 6
2021-06-07 12:21:00 - Sync for product 8
2021-06-07 12:25:30 - Sync for product 9
2021-06-07 12:38:06 - Sync for product 8
2021-06-07 12:38:23 - Sync for product 3
2021-06-07 12:38:36 - Sync for product 6
2021-06-07 12:38:45 - Sync for product 7
2021-06-07 12:39:04 - Sync for product 4
2021-06-07 12:39:20 - Sync for product 2
2021-06-07 12:39:27 - Sync for product 9
2021-06-07 12:39:34 - Sync for product 10
2021-06-07 12:49:51 - Sync for product 3
2021-06-07 12:50:08 - Sync for product 6
2021-06-07 12:50:21 - Sync for product 7
2021-06-07 12:51:07 - Sync for product 4
2021-06-07 12:51:28 - Sync for product 2
2021-06-07 12:54:41 - Sync for product 4
2021-06-07 12:54:55 - Sync for product 2
2021-06-07 12:55:26 - Sync for product 3
2021-06-07 12:55:35 - Sync for product 6
2021-06-07 12:55:43 - Sync for product 7
2021-06-09 11:37:41 - Sync for product 4
2021-06-09 11:37:51 - Sync for product 2
2021-06-09 11:47:35 - Sync for product 2
2021-06-09 11:58:17 - Sync for product 7
2021-06-09 12:00:21 - Sync for product 7
2021-06-09 12:00:52 - Sync for product 7
2021-06-09 12:01:31 - Sync for product 7
2021-06-09 12:11:00 - Sync for product 8
2021-06-09 12:11:04 - Sync for product 3
2021-06-09 12:11:12 - Sync for product 7
2021-06-09 12:11:16 - Sync for product 4
2021-06-09 12:11:22 - Sync for product 2
2021-06-09 12:11:26 - Sync for product 9
2021-06-09 12:11:30 - Sync for product 10
<<<<<<< Updated upstream
>>>>>>> Stashed changes
=======
>>>>>>> Stashed changes
2021-06-15 15:20:32 - Update products for availability change - 8
